Flow report for matrixFace
Wed May 26 03:17:49 2021
Quartus II 64-Bit Version 14.0.0 Build 200 06/17/2014 SJ Web Edition


---------------------
; Table of Contents ;
---------------------
  1. Legal Notice
  2. Flow Summary
  3. Flow Settings
  4. Flow Non-Default Global Settings
  5. Flow Elapsed Time
  6. Flow OS Summary
  7. Flow Log
  8. Flow Messages
  9. Flow Suppressed Messages



----------------
; Legal Notice ;
----------------
Copyright (C) 1991-2014 Altera Corporation. All rights reserved.
Your use of Altera Corporation's design tools, logic functions 
and other software and tools, and its AMPP partner logic 
functions, and any output files from any of the foregoing 
(including device programming or simulation files), and any 
associated documentation or information are expressly subject 
to the terms and conditions of the Altera Program License 
Subscription Agreement, the Altera Quartus II License Agreement,
the Altera MegaCore Function License Agreement, or other 
applicable license agreement, including, without limitation, 
that your use is for the sole purpose of programming logic 
devices manufactured by Altera and sold by Altera or its 
authorized distributors.  Please refer to the applicable 
agreement for further details.



+------------------------------------------------------------------------------+
; Flow Summary                                                                 ;
+---------------------------------+--------------------------------------------+
; Flow Status                     ; Successful - Wed May 26 03:17:49 2021      ;
; Quartus II 64-Bit Version       ; 14.0.0 Build 200 06/17/2014 SJ Web Edition ;
; Revision Name                   ; matrixFace                                 ;
; Top-level Entity Name           ; matrixFace                                 ;
; Family                          ; Cyclone V                                  ;
; Device                          ; 5CGXFC7C7F23C8                             ;
; Timing Models                   ; Final                                      ;
; Logic utilization (in ALMs)     ; 8 / 56,480 ( < 1 % )                       ;
; Total registers                 ; 20                                         ;
; Total pins                      ; 19 / 268 ( 7 % )                           ;
; Total virtual pins              ; 0                                          ;
; Total block memory bits         ; 0 / 7,024,640 ( 0 % )                      ;
; Total DSP Blocks                ; 0 / 156 ( 0 % )                            ;
; Total HSSI RX PCSs              ; 0 / 6 ( 0 % )                              ;
; Total HSSI PMA RX Deserializers ; 0 / 6 ( 0 % )                              ;
; Total HSSI TX PCSs              ; 0 / 6 ( 0 % )                              ;
; Total HSSI PMA TX Serializers   ; 0 / 6 ( 0 % )                              ;
; Total PLLs                      ; 0 / 13 ( 0 % )                             ;
; Total DLLs                      ; 0 / 4 ( 0 % )                              ;
+---------------------------------+--------------------------------------------+


+-----------------------------------------+
; Flow Settings                           ;
+-------------------+---------------------+
; Option            ; Setting             ;
+-------------------+---------------------+
; Start date & time ; 05/26/2021 03:06:07 ;
; Main task         ; Compilation         ;
; Revision Name     ; matrixFace          ;
+-------------------+---------------------+


+----------------------------------------------------------------------------------------------------------------------+
; Flow Non-Default Global Settings                                                                                     ;
+-------------------------------------+---------------------------------+---------------+-------------+----------------+
; Assignment Name                     ; Value                           ; Default Value ; Entity Name ; Section Id     ;
+-------------------------------------+---------------------------------+---------------+-------------+----------------+
; COMPILER_SIGNATURE_ID               ; 273453757506788.162196956717900 ; --            ; --          ; --             ;
; EDA_OUTPUT_DATA_FORMAT              ; Vhdl                            ; --            ; --          ; eda_simulation ;
; EDA_SIMULATION_TOOL                 ; ModelSim-Altera (VHDL)          ; <None>        ; --          ; --             ;
; PARTITION_COLOR                     ; 16764057                        ; --            ; --          ; Top            ;
; PARTITION_FITTER_PRESERVATION_LEVEL ; PLACEMENT_AND_ROUTING           ; --            ; --          ; Top            ;
; PARTITION_NETLIST_TYPE              ; SOURCE                          ; --            ; --          ; Top            ;
; PROJECT_OUTPUT_DIRECTORY            ; output_files                    ; --            ; --          ; --             ;
+-------------------------------------+---------------------------------+---------------+-------------+----------------+


+-------------------------------------------------------------------------------------------------------------------------------+
; Flow Elapsed Time                                                                                                             ;
+---------------------------+--------------+-------------------------+---------------------+------------------------------------+
; Module Name               ; Elapsed Time ; Average Processors Used ; Peak Virtual Memory ; Total CPU Time (on all processors) ;
+---------------------------+--------------+-------------------------+---------------------+------------------------------------+
; Analysis & Synthesis      ; 00:00:02     ; 1.0                     ; 4774 MB             ; 00:00:02                           ;
; Fitter                    ; 00:00:50     ; 1.0                     ; 5837 MB             ; 00:00:41                           ;
; Assembler                 ; 00:00:17     ; 1.0                     ; 4793 MB             ; 00:00:10                           ;
; TimeQuest Timing Analyzer ; 00:00:06     ; 1.0                     ; 5040 MB             ; 00:00:06                           ;
; EDA Netlist Writer        ; 00:00:01     ; 1.0                     ; 4644 MB             ; 00:00:01                           ;
; EDA Netlist Writer        ; 00:00:01     ; 1.0                     ; 4655 MB             ; 00:00:01                           ;
; EDA Netlist Writer        ; 00:00:01     ; 1.0                     ; 4661 MB             ; 00:00:01                           ;
; Total                     ; 00:01:18     ; --                      ; --                  ; 00:01:02                           ;
+---------------------------+--------------+-------------------------+---------------------+------------------------------------+


+----------------------------------------------------------------------------------------+
; Flow OS Summary                                                                        ;
+---------------------------+------------------+-----------+------------+----------------+
; Module Name               ; Machine Hostname ; OS Name   ; OS Version ; Processor type ;
+---------------------------+------------------+-----------+------------+----------------+
; Analysis & Synthesis      ; LAPTOP-0NBRO8CE  ; Windows 7 ; 6.2        ; x86_64         ;
; Fitter                    ; LAPTOP-0NBRO8CE  ; Windows 7 ; 6.2        ; x86_64         ;
; Assembler                 ; LAPTOP-0NBRO8CE  ; Windows 7 ; 6.2        ; x86_64         ;
; TimeQuest Timing Analyzer ; LAPTOP-0NBRO8CE  ; Windows 7 ; 6.2        ; x86_64         ;
; EDA Netlist Writer        ; LAPTOP-0NBRO8CE  ; Windows 7 ; 6.2        ; x86_64         ;
; EDA Netlist Writer        ; LAPTOP-0NBRO8CE  ; Windows 7 ; 6.2        ; x86_64         ;
; EDA Netlist Writer        ; LAPTOP-0NBRO8CE  ; Windows 7 ; 6.2        ; x86_64         ;
+---------------------------+------------------+-----------+------------+----------------+


------------
; Flow Log ;
------------
quartus_map --read_settings_files=on --write_settings_files=off matrixFace -c matrixFace
quartus_fit --read_settings_files=off --write_settings_files=off matrixFace -c matrixFace
quartus_asm --read_settings_files=off --write_settings_files=off matrixFace -c matrixFace
quartus_sta matrixFace -c matrixFace
quartus_eda --read_settings_files=off --write_settings_files=off matrixFace -c matrixFace
quartus_eda --gen_testbench --check_outputs=on --tool=modelsim_oem --format=verilog matrixFace -c matrixFace --vector_source=C:/altera/14.0/matrixFace/Waveform.vwf --testbench_file=C:/altera/14.0/matrixFace/simulation/qsim/Waveform.vwf.vt
quartus_eda --functional=on --flatten_buses=off --simulation=on --tool=modelsim_oem --format=verilog --output_directory=C:/altera/14.0/matrixFace/simulation/qsim/ matrixFace -c matrixFace



