Analysis & Synthesis report for creatNum
Wed May 12 23:17:54 2021
Quartus II 64-Bit Version 14.0.0 Build 200 06/17/2014 SJ Web Edition


---------------------
; Table of Contents ;
---------------------
  1. Legal Notice
  2. Analysis & Synthesis Summary
  3. Analysis & Synthesis Settings
  4. Parallel Compilation
  5. Analysis & Synthesis Source Files Read
  6. Analysis & Synthesis Resource Usage Summary
  7. Analysis & Synthesis Resource Utilization by Entity
  8. Analysis & Synthesis DSP Block Usage Summary
  9. General Register Statistics
 10. Parameter Settings for Inferred Entity Instance: lpm_divide:Div0
 11. Parameter Settings for Inferred Entity Instance: lpm_divide:Mod0
 12. Post-Synthesis Netlist Statistics for Top Partition
 13. Elapsed Time Per Partition
 14. Analysis & Synthesis Messages



----------------
; Legal Notice ;
----------------
Copyright (C) 1991-2014 Altera Corporation. All rights reserved.
Your use of Altera Corporation's design tools, logic functions 
and other software and tools, and its AMPP partner logic 
functions, and any output files from any of the foregoing 
(including device programming or simulation files), and any 
associated documentation or information are expressly subject 
to the terms and conditions of the Altera Program License 
Subscription Agreement, the Altera Quartus II License Agreement,
the Altera MegaCore Function License Agreement, or other 
applicable license agreement, including, without limitation, 
that your use is for the sole purpose of programming logic 
devices manufactured by Altera and sold by Altera or its 
authorized distributors.  Please refer to the applicable 
agreement for further details.



+------------------------------------------------------------------------------+
; Analysis & Synthesis Summary                                                 ;
+---------------------------------+--------------------------------------------+
; Analysis & Synthesis Status     ; Successful - Wed May 12 23:17:54 2021      ;
; Quartus II 64-Bit Version       ; 14.0.0 Build 200 06/17/2014 SJ Web Edition ;
; Revision Name                   ; creatNum                                   ;
; Top-level Entity Name           ; creatNum                                   ;
; Family                          ; Cyclone V                                  ;
; Logic utilization (in ALMs)     ; N/A                                        ;
; Total registers                 ; 7                                          ;
; Total pins                      ; 10                                         ;
; Total virtual pins              ; 0                                          ;
; Total block memory bits         ; 0                                          ;
; Total DSP Blocks                ; 1                                          ;
; Total HSSI RX PCSs              ; 0                                          ;
; Total HSSI PMA RX Deserializers ; 0                                          ;
; Total HSSI TX PCSs              ; 0                                          ;
; Total HSSI PMA TX Serializers   ; 0                                          ;
; Total PLLs                      ; 0                                          ;
; Total DLLs                      ; 0                                          ;
+---------------------------------+--------------------------------------------+


+---------------------------------------------------------------------------------------------------------------------------+
; Analysis & Synthesis Settings                                                                                             ;
+---------------------------------------------------------------------------------+--------------------+--------------------+
; Option                                                                          ; Setting            ; Default Value      ;
+---------------------------------------------------------------------------------+--------------------+--------------------+
; Device                                                                          ; 5CGXFC7C7F23C8     ;                    ;
; Top-level entity name                                                           ; creatNum           ; creatNum           ;
; Family name                                                                     ; Cyclone V          ; Cyclone IV GX      ;
; Use smart compilation                                                           ; Off                ; Off                ;
; Enable parallel Assembler and TimeQuest Timing Analyzer during compilation      ; On                 ; On                 ;
; Enable compact report table                                                     ; Off                ; Off                ;
; Restructure Multiplexers                                                        ; Auto               ; Auto               ;
; MLAB Add Timing Constraints For Mixed-Port Feed-Through Mode Setting Don't Care ; Off                ; Off                ;
; Create Debugging Nodes for IP Cores                                             ; Off                ; Off                ;
; Preserve fewer node names                                                       ; On                 ; On                 ;
; Disable OpenCore Plus hardware evaluation                                       ; Off                ; Off                ;
; Verilog Version                                                                 ; Verilog_2001       ; Verilog_2001       ;
; VHDL Version                                                                    ; VHDL_1993          ; VHDL_1993          ;
; State Machine Processing                                                        ; Auto               ; Auto               ;
; Safe State Machine                                                              ; Off                ; Off                ;
; Extract Verilog State Machines                                                  ; On                 ; On                 ;
; Extract VHDL State Machines                                                     ; On                 ; On                 ;
; Ignore Verilog initial constructs                                               ; Off                ; Off                ;
; Iteration limit for constant Verilog loops                                      ; 5000               ; 5000               ;
; Iteration limit for non-constant Verilog loops                                  ; 250                ; 250                ;
; Add Pass-Through Logic to Inferred RAMs                                         ; On                 ; On                 ;
; Infer RAMs from Raw Logic                                                       ; On                 ; On                 ;
; Parallel Synthesis                                                              ; On                 ; On                 ;
; DSP Block Balancing                                                             ; Auto               ; Auto               ;
; NOT Gate Push-Back                                                              ; On                 ; On                 ;
; Power-Up Don't Care                                                             ; On                 ; On                 ;
; Remove Redundant Logic Cells                                                    ; Off                ; Off                ;
; Remove Duplicate Registers                                                      ; On                 ; On                 ;
; Ignore CARRY Buffers                                                            ; Off                ; Off                ;
; Ignore CASCADE Buffers                                                          ; Off                ; Off                ;
; Ignore GLOBAL Buffers                                                           ; Off                ; Off                ;
; Ignore ROW GLOBAL Buffers                                                       ; Off                ; Off                ;
; Ignore LCELL Buffers                                                            ; Off                ; Off                ;
; Ignore SOFT Buffers                                                             ; On                 ; On                 ;
; Limit AHDL Integers to 32 Bits                                                  ; Off                ; Off                ;
; Optimization Technique                                                          ; Balanced           ; Balanced           ;
; Carry Chain Length                                                              ; 70                 ; 70                 ;
; Auto Carry Chains                                                               ; On                 ; On                 ;
; Auto Open-Drain Pins                                                            ; On                 ; On                 ;
; Perform WYSIWYG Primitive Resynthesis                                           ; Off                ; Off                ;
; Auto ROM Replacement                                                            ; On                 ; On                 ;
; Auto RAM Replacement                                                            ; On                 ; On                 ;
; Auto DSP Block Replacement                                                      ; On                 ; On                 ;
; Auto Shift Register Replacement                                                 ; Auto               ; Auto               ;
; Allow Shift Register Merging across Hierarchies                                 ; Auto               ; Auto               ;
; Auto Clock Enable Replacement                                                   ; On                 ; On                 ;
; Strict RAM Replacement                                                          ; Off                ; Off                ;
; Allow Synchronous Control Signals                                               ; On                 ; On                 ;
; Force Use of Synchronous Clear Signals                                          ; Off                ; Off                ;
; Auto Resource Sharing                                                           ; Off                ; Off                ;
; Allow Any RAM Size For Recognition                                              ; Off                ; Off                ;
; Allow Any ROM Size For Recognition                                              ; Off                ; Off                ;
; Allow Any Shift Register Size For Recognition                                   ; Off                ; Off                ;
; Use LogicLock Constraints during Resource Balancing                             ; On                 ; On                 ;
; Ignore translate_off and synthesis_off directives                               ; Off                ; Off                ;
; Timing-Driven Synthesis                                                         ; On                 ; On                 ;
; Report Parameter Settings                                                       ; On                 ; On                 ;
; Report Source Assignments                                                       ; On                 ; On                 ;
; Report Connectivity Checks                                                      ; On                 ; On                 ;
; Ignore Maximum Fan-Out Assignments                                              ; Off                ; Off                ;
; Synchronization Register Chain Length                                           ; 3                  ; 3                  ;
; PowerPlay Power Optimization                                                    ; Normal compilation ; Normal compilation ;
; HDL message level                                                               ; Level2             ; Level2             ;
; Suppress Register Optimization Related Messages                                 ; Off                ; Off                ;
; Number of Removed Registers Reported in Synthesis Report                        ; 5000               ; 5000               ;
; Number of Swept Nodes Reported in Synthesis Report                              ; 5000               ; 5000               ;
; Number of Inverted Registers Reported in Synthesis Report                       ; 100                ; 100                ;
; Clock MUX Protection                                                            ; On                 ; On                 ;
; Auto Gated Clock Conversion                                                     ; Off                ; Off                ;
; Block Design Naming                                                             ; Auto               ; Auto               ;
; SDC constraint protection                                                       ; Off                ; Off                ;
; Synthesis Effort                                                                ; Auto               ; Auto               ;
; Shift Register Replacement - Allow Asynchronous Clear Signal                    ; On                 ; On                 ;
; Pre-Mapping Resynthesis Optimization                                            ; Off                ; Off                ;
; Analysis & Synthesis Message Level                                              ; Medium             ; Medium             ;
; Disable Register Merging Across Hierarchies                                     ; Auto               ; Auto               ;
; Resource Aware Inference For Block RAM                                          ; On                 ; On                 ;
; Synthesis Seed                                                                  ; 1                  ; 1                  ;
; Automatic Parallel Synthesis                                                    ; On                 ; On                 ;
; Partial Reconfiguration Bitstream ID                                            ; Off                ; Off                ;
+---------------------------------------------------------------------------------+--------------------+--------------------+


+------------------------------------------+
; Parallel Compilation                     ;
+----------------------------+-------------+
; Processors                 ; Number      ;
+----------------------------+-------------+
; Number detected on machine ; 8           ;
; Maximum allowed            ; 4           ;
;                            ;             ;
; Average used               ; 1.00        ;
; Maximum used               ; 1           ;
;                            ;             ;
; Usage by Processor         ; % Time Used ;
;     Processor 1            ; 100.0%      ;
;     Processors 2-8         ;   0.0%      ;
+----------------------------+-------------+


+------------------------------------------------------------------------------------------------------------------------------------------------------------------+
; Analysis & Synthesis Source Files Read                                                                                                                           ;
+----------------------------------+-----------------+------------------------------+--------------------------------------------------------------------+---------+
; File Name with User-Entered Path ; Used in Netlist ; File Type                    ; File Name with Absolute Path                                       ; Library ;
+----------------------------------+-----------------+------------------------------+--------------------------------------------------------------------+---------+
; creatNum.vhd                     ; yes             ; User VHDL File               ; C:/altera/final/creatNum/creatNum.vhd                              ;         ;
; lpm_divide.tdf                   ; yes             ; Megafunction                 ; c:/altera/14.0/quartus/libraries/megafunctions/lpm_divide.tdf      ;         ;
; abs_divider.inc                  ; yes             ; Megafunction                 ; c:/altera/14.0/quartus/libraries/megafunctions/abs_divider.inc     ;         ;
; sign_div_unsign.inc              ; yes             ; Megafunction                 ; c:/altera/14.0/quartus/libraries/megafunctions/sign_div_unsign.inc ;         ;
; aglobal140.inc                   ; yes             ; Megafunction                 ; c:/altera/14.0/quartus/libraries/megafunctions/aglobal140.inc      ;         ;
; db/lpm_divide_bpo.tdf            ; yes             ; Auto-Generated Megafunction  ; C:/altera/final/creatNum/db/lpm_divide_bpo.tdf                     ;         ;
; db/abs_divider_kbg.tdf           ; yes             ; Auto-Generated Megafunction  ; C:/altera/final/creatNum/db/abs_divider_kbg.tdf                    ;         ;
; db/alt_u_div_ove.tdf             ; yes             ; Auto-Generated Megafunction  ; C:/altera/final/creatNum/db/alt_u_div_ove.tdf                      ;         ;
; db/lpm_abs_kn9.tdf               ; yes             ; Auto-Generated Megafunction  ; C:/altera/final/creatNum/db/lpm_abs_kn9.tdf                        ;         ;
; db/lpm_abs_4p9.tdf               ; yes             ; Auto-Generated Megafunction  ; C:/altera/final/creatNum/db/lpm_abs_4p9.tdf                        ;         ;
; db/lpm_divide_uio.tdf            ; yes             ; Auto-Generated Megafunction  ; C:/altera/final/creatNum/db/lpm_divide_uio.tdf                     ;         ;
; db/abs_divider_4dg.tdf           ; yes             ; Auto-Generated Megafunction  ; C:/altera/final/creatNum/db/abs_divider_4dg.tdf                    ;         ;
; db/alt_u_div_o2f.tdf             ; yes             ; Auto-Generated Megafunction  ; C:/altera/final/creatNum/db/alt_u_div_o2f.tdf                      ;         ;
+----------------------------------+-----------------+------------------------------+--------------------------------------------------------------------+---------+


+---------------------------------------------------------------------------------------------------------------------------------------------------+
; Analysis & Synthesis Resource Usage Summary                                                                                                       ;
+---------------------------------------------+-----------------------------------------------------------------------------------------------------+
; Resource                                    ; Usage                                                                                               ;
+---------------------------------------------+-----------------------------------------------------------------------------------------------------+
; Estimate of Logic utilization (ALMs needed) ; 190                                                                                                 ;
;                                             ;                                                                                                     ;
; Combinational ALUT usage for logic          ; 380                                                                                                 ;
;     -- 7 input functions                    ; 0                                                                                                   ;
;     -- 6 input functions                    ; 0                                                                                                   ;
;     -- 5 input functions                    ; 6                                                                                                   ;
;     -- 4 input functions                    ; 102                                                                                                 ;
;     -- <=3 input functions                  ; 272                                                                                                 ;
;                                             ;                                                                                                     ;
; Dedicated logic registers                   ; 7                                                                                                   ;
;                                             ;                                                                                                     ;
; I/O pins                                    ; 10                                                                                                  ;
; Total DSP Blocks                            ; 1                                                                                                   ;
; Maximum fan-out node                        ; lpm_divide:Mod0|lpm_divide_uio:auto_generated|abs_divider_4dg:divider|alt_u_div_o2f:divider|op_21~1 ;
; Maximum fan-out                             ; 79                                                                                                  ;
; Total fan-out                               ; 1207                                                                                                ;
; Average fan-out                             ; 2.96                                                                                                ;
+---------------------------------------------+-----------------------------------------------------------------------------------------------------+


+--------------------------------------------------------------------------------------------------------------------------------------------------------------------------------------------------------------------------------------------------------+
; Analysis & Synthesis Resource Utilization by Entity                                                                                                                                                                                                    ;
+---------------------------------------+-------------------+--------------+-------------------+------------+------+--------------+-------------------------------------------------------------------------------------------------------+--------------+
; Compilation Hierarchy Node            ; LC Combinationals ; LC Registers ; Block Memory Bits ; DSP Blocks ; Pins ; Virtual Pins ; Full Hierarchy Name                                                                                   ; Library Name ;
+---------------------------------------+-------------------+--------------+-------------------+------------+------+--------------+-------------------------------------------------------------------------------------------------------+--------------+
; |creatNum                             ; 380 (7)           ; 7 (7)        ; 0                 ; 1          ; 10   ; 0            ; |creatNum                                                                                             ; work         ;
;    |lpm_divide:Div0|                  ; 82 (0)            ; 0 (0)        ; 0                 ; 0          ; 0    ; 0            ; |creatNum|lpm_divide:Div0                                                                             ; work         ;
;       |lpm_divide_bpo:auto_generated| ; 82 (0)            ; 0 (0)        ; 0                 ; 0          ; 0    ; 0            ; |creatNum|lpm_divide:Div0|lpm_divide_bpo:auto_generated                                               ; work         ;
;          |abs_divider_kbg:divider|    ; 82 (0)            ; 0 (0)        ; 0                 ; 0          ; 0    ; 0            ; |creatNum|lpm_divide:Div0|lpm_divide_bpo:auto_generated|abs_divider_kbg:divider                       ; work         ;
;             |alt_u_div_ove:divider|   ; 82 (82)           ; 0 (0)        ; 0                 ; 0          ; 0    ; 0            ; |creatNum|lpm_divide:Div0|lpm_divide_bpo:auto_generated|abs_divider_kbg:divider|alt_u_div_ove:divider ; work         ;
;    |lpm_divide:Mod0|                  ; 291 (0)           ; 0 (0)        ; 0                 ; 0          ; 0    ; 0            ; |creatNum|lpm_divide:Mod0                                                                             ; work         ;
;       |lpm_divide_uio:auto_generated| ; 291 (0)           ; 0 (0)        ; 0                 ; 0          ; 0    ; 0            ; |creatNum|lpm_divide:Mod0|lpm_divide_uio:auto_generated                                               ; work         ;
;          |abs_divider_4dg:divider|    ; 291 (0)           ; 0 (0)        ; 0                 ; 0          ; 0    ; 0            ; |creatNum|lpm_divide:Mod0|lpm_divide_uio:auto_generated|abs_divider_4dg:divider                       ; work         ;
;             |alt_u_div_o2f:divider|   ; 291 (291)         ; 0 (0)        ; 0                 ; 0          ; 0    ; 0            ; |creatNum|lpm_divide:Mod0|lpm_divide_uio:auto_generated|abs_divider_4dg:divider|alt_u_div_o2f:divider ; work         ;
+---------------------------------------+-------------------+--------------+-------------------+------------+------+--------------+-------------------------------------------------------------------------------------------------------+--------------+
Note: For table entries with two numbers listed, the numbers in parentheses indicate the number of resources of the given type used by the specific entity alone. The numbers listed outside of parentheses indicate the total resources of the given type used by the specific entity and all of its sub-entities in the hierarchy.


+-----------------------------------------------------------------------------------+
; Analysis & Synthesis DSP Block Usage Summary                                      ;
+---------------------------+-------------+---------------------+-------------------+
; Statistic                 ; Number Used ; Available per Block ; Maximum Available ;
+---------------------------+-------------+---------------------+-------------------+
; Independent 18x18 plus 36 ; 1           ; 1.00                ; --                ;
; DSP Block                 ; 1           ; --                  ; --                ;
; DSP 18-bit Element        ; 2           ; 2.00                ; --                ;
; Unsigned Multiplier       ; 1           ; --                  ; --                ;
+---------------------------+-------------+---------------------+-------------------+


+------------------------------------------------------+
; General Register Statistics                          ;
+----------------------------------------------+-------+
; Statistic                                    ; Value ;
+----------------------------------------------+-------+
; Total registers                              ; 7     ;
; Number of registers using Synchronous Clear  ; 0     ;
; Number of registers using Synchronous Load   ; 0     ;
; Number of registers using Asynchronous Clear ; 0     ;
; Number of registers using Asynchronous Load  ; 0     ;
; Number of registers using Clock Enable       ; 0     ;
; Number of registers using Preset             ; 0     ;
+----------------------------------------------+-------+


+------------------------------------------------------------------+
; Parameter Settings for Inferred Entity Instance: lpm_divide:Div0 ;
+------------------------+----------------+------------------------+
; Parameter Name         ; Value          ; Type                   ;
+------------------------+----------------+------------------------+
; LPM_WIDTHN             ; 32             ; Untyped                ;
; LPM_WIDTHD             ; 5              ; Untyped                ;
; LPM_NREPRESENTATION    ; SIGNED         ; Untyped                ;
; LPM_DREPRESENTATION    ; SIGNED         ; Untyped                ;
; LPM_PIPELINE           ; 0              ; Untyped                ;
; LPM_REMAINDERPOSITIVE  ; FALSE          ; Untyped                ;
; MAXIMIZE_SPEED         ; 5              ; Untyped                ;
; CBXI_PARAMETER         ; lpm_divide_bpo ; Untyped                ;
; CARRY_CHAIN            ; MANUAL         ; Untyped                ;
; OPTIMIZE_FOR_SPEED     ; 5              ; Untyped                ;
; AUTO_CARRY_CHAINS      ; ON             ; AUTO_CARRY             ;
; IGNORE_CARRY_BUFFERS   ; OFF            ; IGNORE_CARRY           ;
; AUTO_CASCADE_CHAINS    ; ON             ; AUTO_CASCADE           ;
; IGNORE_CASCADE_BUFFERS ; OFF            ; IGNORE_CASCADE         ;
+------------------------+----------------+------------------------+
Note: In order to hide this table in the UI and the text report file, please set the "Show Parameter Settings in Synthesis Report" option in "Analysis and Synthesis Settings -> More Settings" to "Off".


+------------------------------------------------------------------+
; Parameter Settings for Inferred Entity Instance: lpm_divide:Mod0 ;
+------------------------+----------------+------------------------+
; Parameter Name         ; Value          ; Type                   ;
+------------------------+----------------+------------------------+
; LPM_WIDTHN             ; 32             ; Untyped                ;
; LPM_WIDTHD             ; 32             ; Untyped                ;
; LPM_NREPRESENTATION    ; SIGNED         ; Untyped                ;
; LPM_DREPRESENTATION    ; SIGNED         ; Untyped                ;
; LPM_PIPELINE           ; 0              ; Untyped                ;
; LPM_REMAINDERPOSITIVE  ; FALSE          ; Untyped                ;
; MAXIMIZE_SPEED         ; 5              ; Untyped                ;
; CBXI_PARAMETER         ; lpm_divide_uio ; Untyped                ;
; CARRY_CHAIN            ; MANUAL         ; Untyped                ;
; OPTIMIZE_FOR_SPEED     ; 5              ; Untyped                ;
; AUTO_CARRY_CHAINS      ; ON             ; AUTO_CARRY             ;
; IGNORE_CARRY_BUFFERS   ; OFF            ; IGNORE_CARRY           ;
; AUTO_CASCADE_CHAINS    ; ON             ; AUTO_CASCADE           ;
; IGNORE_CASCADE_BUFFERS ; OFF            ; IGNORE_CASCADE         ;
+------------------------+----------------+------------------------+
Note: In order to hide this table in the UI and the text report file, please set the "Show Parameter Settings in Synthesis Report" option in "Analysis and Synthesis Settings -> More Settings" to "Off".


+-----------------------------------------------------+
; Post-Synthesis Netlist Statistics for Top Partition ;
+-----------------------+-----------------------------+
; Type                  ; Count                       ;
+-----------------------+-----------------------------+
; arriav_ff             ; 7                           ;
;     plain             ; 7                           ;
; arriav_lcell_comb     ; 384                         ;
;     arith             ; 217                         ;
;         0 data inputs ; 45                          ;
;         1 data inputs ; 14                          ;
;         2 data inputs ; 29                          ;
;         3 data inputs ; 60                          ;
;         4 data inputs ; 69                          ;
;     normal            ; 155                         ;
;         1 data inputs ; 5                           ;
;         2 data inputs ; 75                          ;
;         3 data inputs ; 36                          ;
;         4 data inputs ; 33                          ;
;         5 data inputs ; 6                           ;
;     shared            ; 12                          ;
;         0 data inputs ; 8                           ;
;         1 data inputs ; 4                           ;
; arriav_mac            ; 1                           ;
; boundary_port         ; 10                          ;
;                       ;                             ;
; Max LUT depth         ; 25.50                       ;
; Average LUT depth     ; 19.84                       ;
+-----------------------+-----------------------------+


+-------------------------------+
; Elapsed Time Per Partition    ;
+----------------+--------------+
; Partition Name ; Elapsed Time ;
+----------------+--------------+
; Top            ; 00:00:01     ;
+----------------+--------------+


+-------------------------------+
; Analysis & Synthesis Messages ;
+-------------------------------+
Info: *******************************************************************
Info: Running Quartus II 64-Bit Analysis & Synthesis
    Info: Version 14.0.0 Build 200 06/17/2014 SJ Web Edition
    Info: Processing started: Wed May 12 23:17:52 2021
Info: Command: quartus_map --read_settings_files=on --write_settings_files=off creatNum -c creatNum
Info (11104): Parallel Compilation has detected 8 hyper-threaded processors. However, the extra hyper-threaded processors will not be used by default. Parallel Compilation will use 4 of the 4 physical processors detected instead.
Info (12021): Found 2 design units, including 1 entities, in source file creatnum.vhd
    Info (12022): Found design unit 1: creatNum-oo
    Info (12023): Found entity 1: creatNum
Info (12127): Elaborating entity "creatNum" for the top level hierarchy
Info (278001): Inferred 2 megafunctions from design logic
    Info (278004): Inferred divider/modulo megafunction ("lpm_divide") from the following logic: "Div0"
    Info (278004): Inferred divider/modulo megafunction ("lpm_divide") from the following logic: "Mod0"
Info (12130): Elaborated megafunction instantiation "lpm_divide:Div0"
Info (12133): Instantiated megafunction "lpm_divide:Div0" with the following parameter:
    Info (12134): Parameter "LPM_WIDTHN" = "32"
    Info (12134): Parameter "LPM_WIDTHD" = "5"
    Info (12134): Parameter "LPM_NREPRESENTATION" = "SIGNED"
    Info (12134): Parameter "LPM_DREPRESENTATION" = "SIGNED"
    Info (12134): Parameter "LPM_HINT" = "LPM_REMAINDERPOSITIVE=FALSE"
Info (12021): Found 1 design units, including 1 entities, in source file db/lpm_divide_bpo.tdf
    Info (12023): Found entity 1: lpm_divide_bpo
Info (12021): Found 1 design units, including 1 entities, in source file db/abs_divider_kbg.tdf
    Info (12023): Found entity 1: abs_divider_kbg
Info (12021): Found 1 design units, including 1 entities, in source file db/alt_u_div_ove.tdf
    Info (12023): Found entity 1: alt_u_div_ove
Info (12021): Found 1 design units, including 1 entities, in source file db/lpm_abs_kn9.tdf
    Info (12023): Found entity 1: lpm_abs_kn9
Info (12021): Found 1 design units, including 1 entities, in source file db/lpm_abs_4p9.tdf
    Info (12023): Found entity 1: lpm_abs_4p9
Info (12130): Elaborated megafunction instantiation "lpm_divide:Mod0"
Info (12133): Instantiated megafunction "lpm_divide:Mod0" with the following parameter:
    Info (12134): Parameter "LPM_WIDTHN" = "32"
    Info (12134): Parameter "LPM_WIDTHD" = "32"
    Info (12134): Parameter "LPM_NREPRESENTATION" = "SIGNED"
    Info (12134): Parameter "LPM_DREPRESENTATION" = "SIGNED"
    Info (12134): Parameter "LPM_HINT" = "LPM_REMAINDERPOSITIVE=FALSE"
Info (12021): Found 1 design units, including 1 entities, in source file db/lpm_divide_uio.tdf
    Info (12023): Found entity 1: lpm_divide_uio
Info (12021): Found 1 design units, including 1 entities, in source file db/abs_divider_4dg.tdf
    Info (12023): Found entity 1: abs_divider_4dg
Info (12021): Found 1 design units, including 1 entities, in source file db/alt_u_div_o2f.tdf
    Info (12023): Found entity 1: alt_u_div_o2f
Info (286030): Timing-Driven Synthesis is running
Info (16010): Generating hard_block partition "hard_block:auto_generated_inst"
    Info (16011): Adding 0 node(s), including 0 DDIO, 0 PLL, 0 transceiver and 0 LCELL
Info (21057): Implemented 391 device resources after synthesis - the final resource count might be different
    Info (21058): Implemented 2 input pins
    Info (21059): Implemented 8 output pins
    Info (21061): Implemented 380 logic cells
    Info (21062): Implemented 1 DSP elements
Info: Quartus II 64-Bit Analysis & Synthesis was successful. 0 errors, 0 warnings
    Info: Peak virtual memory: 4844 megabytes
    Info: Processing ended: Wed May 12 23:17:54 2021
    Info: Elapsed time: 00:00:02
    Info: Total CPU time (on all processors): 00:00:02


